2025-08-20 14:49:01.694615 started Chamonix at 2025-08-20T21:49:01Z
2025-08-20 14:49:01.694743 arguments: /Users/steve/Library/Developer/Xcode/DerivedData/Chess-djmltibgcyroxaakoqgdopcwmnfd/Build/Products/Debug/Chamonix /Users/steve/Development/Chess/uci_moves.txt
2025-08-20 14:49:01.694968 < uci
2025-08-20 14:49:01.695158 < ucinewgame
2025-08-20 14:49:01.695230 < isready
2025-08-20 14:49:01.695343 < debug on
2025-08-20 14:49:01.695412 < stop
2025-08-20 14:49:01.695491 > bestmove b1a3

2025-08-20 14:49:01.695544 < position startpos
2025-08-20 14:49:01.695590 Waiting for engine ready: position startpos
2025-08-20 14:49:01.695641 Engine is ready: position startpos
2025-08-20 14:49:01.695706 position startpos
2025-08-20 14:49:01.695890 White to Move
в•”в•җв•Өв•җв•Өв•җв•Өв•җв•Өв•җв•Өв•җв•Өв•җв•Өв•җв•—в•®
в•‘вҷңв”Ӯвҷһв”Ӯвҷқв”Ӯвҷӣв”Ӯвҷҡв”Ӯвҷқв”Ӯвҷһв”Ӯвҷңв•‘8
в•ҹв”Җв”јв”Җв”јв”Җв”јв”Җв”јв”Җв”јв”Җв”јв”Җв”јв”Җв•ўв”Ҡ
в•‘вҷҹв”Ӯвҷҹв”Ӯвҷҹв”Ӯвҷҹв”Ӯвҷҹв”Ӯвҷҹв”Ӯвҷҹв”Ӯвҷҹв•‘7
в•ҹв”Җв”јв”Җв”јв”Җв”јв”Җв”јв”Җв”јв”Җв”јв”Җв”јв”Җв•ўв”Ҡ
в•‘ в”Ӯ в”Ӯ в”Ӯ в”Ӯ в”Ӯ в”Ӯ в”Ӯ в•‘6
в•ҹв”Җв”јв”Җв”јв”Җв”јв”Җв”јв”Җв”јв”Җв”јв”Җв”јв”Җв•ўв”Ҡ
в•‘ в”Ӯ в”Ӯ в”Ӯ в”Ӯ в”Ӯ в”Ӯ в”Ӯ в•‘5
в•ҹв”Җв”јв”Җв”јв”Җв”јв”Җв”јв”Җв”јв”Җв”јв”Җв”јв”Җв•ўв”Ҡ
в•‘ в”Ӯ в”Ӯ в”Ӯ в”Ӯ в”Ӯ в”Ӯ в”Ӯ в•‘4
в•ҹв”Җв”јв”Җв”јв”Җв”јв”Җв”јв”Җв”јв”Җв”јв”Җв”јв”Җв•ўв”Ҡ
в•‘ в”Ӯ в”Ӯ в”Ӯ в”Ӯ в”Ӯ в”Ӯ в”Ӯ в•‘3
в•ҹв”Җв”јв”Җв”јв”Җв”јв”Җв”јв”Җв”јв”Җв”јв”Җв”јв”Җв•ўв”Ҡ
в•‘вҷҷв”Ӯвҷҷв”Ӯвҷҷв”Ӯвҷҷв”Ӯвҷҷв”Ӯвҷҷв”Ӯвҷҷв”Ӯвҷҷв•‘2
в•ҹв”Җв”јв”Җв”јв”Җв”јв”Җв”јв”Җв”јв”Җв”јв”Җв”јв”Җв•ўв”Ҡ
в•‘вҷ–в”Ӯвҷҳв”Ӯвҷ—в”Ӯвҷ•в”Ӯвҷ”в”Ӯвҷ—в”Ӯвҷҳв”Ӯвҷ–в•‘1
в•ҡв•җв•§в•җв•§в•җв•§в•җв•§в•җв•§в•җв•§в•җв•§в•җв•қв”Ҡ
в•°aв”Ҳbв”Ҳcв”Ҳdв”Ҳeв”Ҳfв”Ҳgв”Ҳhв”Ҳв•Ҝ
2025-08-20 14:49:01.695956 < go movetime 100
2025-08-20 14:49:01.696037 Waiting for engine ready: go movetime 100
2025-08-20 14:49:01.696081 Engine is ready: go movetime 100
2025-08-20 14:49:01.696152 Starting search with UCI parameters {
    movetime = 100;
}
2025-08-20 14:49:01.696221 < position fen r1bqkb1r/pppp1ppp/2n2n2/4p2Q/2B1P3/8/PPPP1PPP/RNB1K1NR w KQkq - 0 1
2025-08-20 14:49:01.696288 Waiting for engine ready: position fen r1bqkb1r/pppp1ppp/2n2n2/4p2Q/2B1P3/8/PPPP1PPP/RNB1K1NR w KQkq - 0 1
2025-08-20 14:49:02.176203 > info depth 0 nodes 20 time 472 hashfull 0 nps 42 score cp 3 pv b1c3
2025-08-20 14:49:02.182928 search terminated: time limit exceeded (time spent = 472)
2025-08-20 14:49:02.183060 > info depth 1 nodes 20 time 479 hashfull 0 nps 41 score cp 3 pv b1c3
2025-08-20 14:49:02.183156 Completed search with UCI parameters {
    movetime = 100;
}
2025-08-20 14:49:02.183235 > info string time limit exceeded (time spent = 472)
2025-08-20 14:49:02.183299 > bestmove b1c3
2025-08-20 14:49:11.701567 Engine is ready: position fen r1bqkb1r/pppp1ppp/2n2n2/4p2Q/2B1P3/8/PPPP1PPP/RNB1K1NR w KQkq - 0 1
2025-08-20 14:49:11.703466 position fen r1bqkb1r/pppp1ppp/2n2n2/4p2Q/2B1P3/8/PPPP1PPP/RNB1K1NR w KQkq - 0 1
2025-08-20 14:49:11.703730 White to Move
в•”в•җв•Өв•җв•Өв•җв•Өв•җв•Өв•җв•Өв•җв•Өв•җв•Өв•җв•—в•®
в•‘вҷңв”Ӯ в”Ӯвҷқв”Ӯвҷӣв”Ӯвҷҡв”Ӯвҷқв”Ӯ в”Ӯвҷңв•‘8
в•ҹв”Җв”јв”Җв”јв”Җв”јв”Җв”јв”Җв”јв”Җв”јв”Җв”јв”Җв•ўв”Ҡ
в•‘вҷҹв”Ӯвҷҹв”Ӯвҷҹв”Ӯвҷҹв”Ӯ в”Ӯвҷҹв”Ӯвҷҹв”Ӯвҷҹв•‘7
в•ҹв”Җв”јв”Җв”јв”Җв”јв”Җв”јв”Җв”јв”Җв”јв”Җв”јв”Җв•ўв”Ҡ
в•‘ в”Ӯ в”Ӯвҷһв”Ӯ в”Ӯ в”Ӯвҷһв”Ӯ в”Ӯ в•‘6
в•ҹв”Җв”јв”Җв”јв”Җв”јв”Җв”јв”Җв”јв”Җв”јв”Җв”јв”Җв•ўв”Ҡ
в•‘ в”Ӯ в”Ӯ в”Ӯ в”Ӯвҷҹв”Ӯ в”Ӯ в”Ӯвҷ•в•‘5
в•ҹв”Җв”јв”Җв”јв”Җв”јв”Җв”јв”Җв”јв”Җв”јв”Җв”јв”Җв•ўв”Ҡ
в•‘ в”Ӯ в”Ӯвҷ—в”Ӯ в”Ӯвҷҷв”Ӯ в”Ӯ в”Ӯ в•‘4
в•ҹв”Җв”јв”Җв”јв”Җв”јв”Җв”јв”Җв”јв”Җв”јв”Җв”јв”Җв•ўв”Ҡ
в•‘ в”Ӯ в”Ӯ в”Ӯ в”Ӯ в”Ӯ в”Ӯ в”Ӯ в•‘3
в•ҹв”Җв”јв”Җв”јв”Җв”јв”Җв”јв”Җв”јв”Җв”јв”Җв”јв”Җв•ўв”Ҡ
в•‘вҷҷв”Ӯвҷҷв”Ӯвҷҷв”Ӯвҷҷв”Ӯ в”Ӯвҷҷв”Ӯвҷҷв”Ӯвҷҷв•‘2
в•ҹв”Җв”јв”Җв”јв”Җв”јв”Җв”јв”Җв”јв”Җв”јв”Җв”јв”Җв•ўв”Ҡ
в•‘вҷ–в”Ӯвҷҳв”Ӯвҷ—в”Ӯ в”Ӯвҷ”в”Ӯ в”Ӯвҷҳв”Ӯвҷ–в•‘1
в•ҡв•җв•§в•җв•§в•җв•§в•җв•§в•җв•§в•җв•§в•җв•§в•җв•қв”Ҡ
в•°aв”Ҳbв”Ҳcв”Ҳdв”Ҳeв”Ҳfв”Ҳgв”Ҳhв”Ҳв•Ҝ
2025-08-20 14:49:11.703923 < go movetime 1000
2025-08-20 14:49:11.704106 Waiting for engine ready: go movetime 1000
2025-08-20 14:49:11.704243 Engine is ready: go movetime 1000
2025-08-20 14:49:11.704436 Starting search with UCI parameters {
    movetime = 1000;
}
2025-08-20 14:49:11.704606 < position startpos
2025-08-20 14:49:11.715687 Waiting for engine ready: position startpos
2025-08-20 14:49:11.721991 > info depth 0 nodes 151 time 17 hashfull 1 nps 8748 score cp 96 pv c4f7
2025-08-20 14:49:11.734441 > info depth 0 nodes 758 time 29 hashfull 3 nps 25495 score cp 30000 pv h5f7
2025-08-20 14:49:11.814202 > info depth 0 nodes 33523 time 109 hashfull 230 nps 306029 score cp 30000 pv h5f7
2025-08-20 14:49:11.925906 > info depth 0 nodes 118946 time 221 hashfull 521 nps 537650 score cp 30000 pv h5f7
2025-08-20 14:49:15.382697 > info depth 0 nodes 2867519 time 3678 hashfull 1000 nps 779640 score cp 30000 pv h5f7
2025-08-20 14:49:15.389809 search terminated: time limit exceeded (time spent = 3678)
2025-08-20 14:49:15.389922 > info depth 1 nodes 2867519 time 3685 hashfull 1000 nps 778097 score cp 30000 pv h5f7
2025-08-20 14:49:15.390022 Completed search with UCI parameters {
    movetime = 1000;
}
2025-08-20 14:49:15.390127 > info string time limit exceeded (time spent = 3678)
2025-08-20 14:49:15.390225 > bestmove h5f7
2025-08-20 14:49:21.721148 Engine is ready: position startpos
2025-08-20 14:49:21.722159 position startpos
2025-08-20 14:49:21.722526 White to Move
в•”в•җв•Өв•җв•Өв•җв•Өв•җв•Өв•җв•Өв•җв•Өв•җв•Өв•җв•—в•®
в•‘вҷңв”Ӯвҷһв”Ӯвҷқв”Ӯвҷӣв”Ӯвҷҡв”Ӯвҷқв”Ӯвҷһв”Ӯвҷңв•‘8
в•ҹв”Җв”јв”Җв”јв”Җв”јв”Җв”јв”Җв”јв”Җв”јв”Җв”јв”Җв•ўв”Ҡ
в•‘вҷҹв”Ӯвҷҹв”Ӯвҷҹв”Ӯвҷҹв”Ӯвҷҹв”Ӯвҷҹв”Ӯвҷҹв”Ӯвҷҹв•‘7
в•ҹв”Җв”јв”Җв”јв”Җв”јв”Җв”јв”Җв”јв”Җв”јв”Җв”јв”Җв•ўв”Ҡ
в•‘ в”Ӯ в”Ӯ в”Ӯ в”Ӯ в”Ӯ в”Ӯ в”Ӯ в•‘6
в•ҹв”Җв”јв”Җв”јв”Җв”јв”Җв”јв”Җв”јв”Җв”јв”Җв”јв”Җв•ўв”Ҡ
в•‘ в”Ӯ в”Ӯ в”Ӯ в”Ӯ в”Ӯ в”Ӯ в”Ӯ в•‘5
в•ҹв”Җв”јв”Җв”јв”Җв”јв”Җв”јв”Җв”јв”Җв”јв”Җв”јв”Җв•ўв”Ҡ
в•‘ в”Ӯ в”Ӯ в”Ӯ в”Ӯ в”Ӯ в”Ӯ в”Ӯ в•‘4
в•ҹв”Җв”јв”Җв”јв”Җв”јв”Җв”јв”Җв”јв”Җв”јв”Җв”јв”Җв•ўв”Ҡ
в•‘ в”Ӯ в”Ӯ в”Ӯ в”Ӯ в”Ӯ в”Ӯ в”Ӯ в•‘3
в•ҹв”Җв”јв”Җв”јв”Җв”јв”Җв”јв”Җв”јв”Җв”јв”Җв”јв”Җв•ўв”Ҡ
в•‘вҷҷв”Ӯвҷҷв”Ӯвҷҷв”Ӯвҷҷв”Ӯвҷҷв”Ӯвҷҷв”Ӯвҷҷв”Ӯвҷҷв•‘2
в•ҹв”Җв”јв”Җв”јв”Җв”јв”Җв”јв”Җв”јв”Җв”јв”Җв”јв”Җв•ўв”Ҡ
в•‘вҷ–в”Ӯвҷҳв”Ӯвҷ—в”Ӯвҷ•в”Ӯвҷ”в”Ӯвҷ—в”Ӯвҷҳв”Ӯвҷ–в•‘1
в•ҡв•җв•§в•җв•§в•җв•§в•җв•§в•җв•§в•җв•§в•җв•§в•җв•қв”Ҡ
в•°aв”Ҳbв”Ҳcв”Ҳdв”Ҳeв”Ҳfв”Ҳgв”Ҳhв”Ҳв•Ҝ
2025-08-20 14:49:21.722804 < go movetime 100
2025-08-20 14:49:21.723162 Waiting for engine ready: go movetime 100
2025-08-20 14:49:21.723462 Engine is ready: go movetime 100
2025-08-20 14:49:21.723741 Starting search with UCI parameters {
    movetime = 100;
}
2025-08-20 14:49:21.723946 < position fen r1bqkb1r/pppp1ppp/2n2n2/4p2Q/2B1P3/8/PPPP1PPP/RNB1K1NR w KQkq - 0 1
2025-08-20 14:49:21.724152 Waiting for engine ready: position fen r1bqkb1r/pppp1ppp/2n2n2/4p2Q/2B1P3/8/PPPP1PPP/RNB1K1NR w KQkq - 0 1
2025-08-20 14:49:21.744942 > info depth 0 nodes 20 time 17 hashfull 0 nps 1165 score cp 3 pv b1c3
2025-08-20 14:49:21.760044 > info depth 0 nodes 153 time 32 hashfull 0 nps 4736 score cp 0 pv b1c3 b8c6
2025-08-20 14:49:21.776762 > info depth 0 nodes 1258 time 49 hashfull 3 nps 25669 score cp 3 pv b1c3 b8c6 g1f3
2025-08-20 14:49:21.803850 > info depth 0 nodes 7863 time 76 hashfull 27 nps 103317 score cp 0 pv b1c3 b8c6 g1f3 g8f6
2025-08-20 14:49:21.931581 > info depth 0 nodes 119871 time 203 hashfull 394 nps 588002 score cp 0 pv g2g3 b8c6 b1c3 g8f6 g1f3
2025-08-20 14:49:21.938047 search terminated: time limit exceeded (time spent = 203)
2025-08-20 14:49:21.938160 > info depth 1 nodes 119871 time 210 hashfull 394 nps 569487 score cp 0 pv g2g3 b8c6 b1c3 g8f6 g1f3
2025-08-20 14:49:21.938284 Completed search with UCI parameters {
    movetime = 100;
}
2025-08-20 14:49:21.938373 > info string time limit exceeded (time spent = 203)
2025-08-20 14:49:21.938453 > bestmove g2g3
2025-08-20 14:49:31.729513 Engine is ready: position fen r1bqkb1r/pppp1ppp/2n2n2/4p2Q/2B1P3/8/PPPP1PPP/RNB1K1NR w KQkq - 0 1
2025-08-20 14:49:31.731735 position fen r1bqkb1r/pppp1ppp/2n2n2/4p2Q/2B1P3/8/PPPP1PPP/RNB1K1NR w KQkq - 0 1
2025-08-20 14:49:31.732223 White to Move
в•”в•җв•Өв•җв•Өв•җв•Өв•җв•Өв•җв•Өв•җв•Өв•җв•Өв•җв•—в•®
в•‘вҷңв”Ӯ в”Ӯвҷқв”Ӯвҷӣв”Ӯвҷҡв”Ӯвҷқв”Ӯ в”Ӯвҷңв•‘8
в•ҹв”Җв”јв”Җв”јв”Җв”јв”Җв”јв”Җв”јв”Җв”јв”Җв”јв”Җв•ўв”Ҡ
в•‘вҷҹв”Ӯвҷҹв”Ӯвҷҹв”Ӯвҷҹв”Ӯ в”Ӯвҷҹв”Ӯвҷҹв”Ӯвҷҹв•‘7
в•ҹв”Җв”јв”Җв”јв”Җв”јв”Җв”јв”Җв”јв”Җв”јв”Җв”јв”Җв•ўв”Ҡ
в•‘ в”Ӯ в”Ӯвҷһв”Ӯ в”Ӯ в”Ӯвҷһв”Ӯ в”Ӯ в•‘6
в•ҹв”Җв”јв”Җв”јв”Җв”јв”Җв”јв”Җв”јв”Җв”јв”Җв”јв”Җв•ўв”Ҡ
в•‘ в”Ӯ в”Ӯ в”Ӯ в”Ӯвҷҹв”Ӯ в”Ӯ в”Ӯвҷ•в•‘5
в•ҹв”Җв”јв”Җв”јв”Җв”јв”Җв”јв”Җв”јв”Җв”јв”Җв”јв”Җв•ўв”Ҡ
в•‘ в”Ӯ в”Ӯвҷ—в”Ӯ в”Ӯвҷҷв”Ӯ в”Ӯ в”Ӯ в•‘4
в•ҹв”Җв”јв”Җв”јв”Җв”јв”Җв”јв”Җв”јв”Җв”јв”Җв”јв”Җв•ўв”Ҡ
в•‘ в”Ӯ в”Ӯ в”Ӯ в”Ӯ в”Ӯ в”Ӯ в”Ӯ в•‘3
в•ҹв”Җв”јв”Җв”јв”Җв”јв”Җв”јв”Җв”јв”Җв”јв”Җв”јв”Җв•ўв”Ҡ
в•‘вҷҷв”Ӯвҷҷв”Ӯвҷҷв”Ӯвҷҷв”Ӯ в”Ӯвҷҷв”Ӯвҷҷв”Ӯвҷҷв•‘2
в•ҹв”Җв”јв”Җв”јв”Җв”јв”Җв”јв”Җв”јв”Җв”јв”Җв”јв”Җв•ўв”Ҡ
в•‘вҷ–в”Ӯвҷҳв”Ӯвҷ—в”Ӯ в”Ӯвҷ”в”Ӯ в”Ӯвҷҳв”Ӯвҷ–в•‘1
в•ҡв•җв•§в•җв•§в•җв•§в•җв•§в•җв•§в•җв•§в•җв•§в•җв•қв”Ҡ
в•°aв”Ҳbв”Ҳcв”Ҳdв”Ҳeв”Ҳfв”Ҳgв”Ҳhв”Ҳв•Ҝ
2025-08-20 14:49:31.732792 < go movetime 100
2025-08-20 14:49:31.733102 Waiting for engine ready: go movetime 100
2025-08-20 14:49:31.733320 Engine is ready: go movetime 100
2025-08-20 14:49:31.733580 Starting search with UCI parameters {
    movetime = 100;
}
2025-08-20 14:49:31.733995 < position startpos moves e2e4 e7e5 g1f3
2025-08-20 14:49:31.734563 Waiting for engine ready: position startpos moves e2e4 e7e5 g1f3
2025-08-20 14:49:31.754563 > info depth 0 nodes 151 time 17 hashfull 1 nps 8440 score cp 96 pv c4f7
2025-08-20 14:49:31.767075 > info depth 0 nodes 758 time 30 hashfull 3 nps 24901 score cp 30000 pv h5f7
2025-08-20 14:49:31.846398 > info depth 0 nodes 33523 time 109 hashfull 230 nps 305268 score cp 30000 pv h5f7
2025-08-20 14:49:31.853149 search terminated: time limit exceeded (time spent = 109)
2025-08-20 14:49:31.853264 > info depth 1 nodes 33523 time 116 hashfull 230 nps 287223 score cp 30000 pv h5f7
2025-08-20 14:49:31.853361 Completed search with UCI parameters {
    movetime = 100;
}
2025-08-20 14:49:31.853462 > info string time limit exceeded (time spent = 109)
2025-08-20 14:49:31.853554 > bestmove h5f7
2025-08-20 14:49:41.738478 Engine is ready: position startpos moves e2e4 e7e5 g1f3
2025-08-20 14:49:41.745707 position startpos moves e2e4 e7e5 g1f3
2025-08-20 14:49:41.746021 Black to Move
в•”в•җв•Өв•җв•Өв•җв•Өв•җв•Өв•җв•Өв•җв•Өв•җв•Өв•җв•—в•®
в•‘вҷңв”Ӯвҷһв”Ӯвҷқв”Ӯвҷӣв”Ӯвҷҡв”Ӯвҷқв”Ӯвҷһв”Ӯвҷңв•‘8
в•ҹв”Җв”јв”Җв”јв”Җв”јв”Җв”јв”Җв”јв”Җв”јв”Җв”јв”Җв•ўв”Ҡ
в•‘вҷҹв”Ӯвҷҹв”Ӯвҷҹв”Ӯвҷҹв”Ӯ в”Ӯвҷҹв”Ӯвҷҹв”Ӯвҷҹв•‘7
в•ҹв”Җв”јв”Җв”јв”Җв”јв”Җв”јв”Җв”јв”Җв”јв”Җв”јв”Җв•ўв”Ҡ
в•‘ в”Ӯ в”Ӯ в”Ӯ в”Ӯ в”Ӯ в”Ӯ в”Ӯ в•‘6
в•ҹв”Җв”јв”Җв”јв”Җв”јв”Җв”јв”Җв”јв”Җв”јв”Җв”јв”Җв•ўв”Ҡ
в•‘ в”Ӯ в”Ӯ в”Ӯ в”Ӯвҷҹв”Ӯ в”Ӯ в”Ӯ в•‘5
в•ҹв”Җв”јв”Җв”јв”Җв”јв”Җв”јв”Җв”јв”Җв”јв”Җв”јв”Җв•ўв”Ҡ
в•‘ в”Ӯ в”Ӯ в”Ӯ в”Ӯвҷҷв”Ӯ в”Ӯ в”Ӯ в•‘4
в•ҹв”Җв”јв”Җв”јв”Җв”јв”Җв”јв”Җв”јв”Җв”јв”Җв”јв”Җв•ўв”Ҡ
в•‘ в”Ӯ в”Ӯ в”Ӯ в”Ӯ в”Ӯвҷҳв”Ӯ в”Ӯ в•‘3
в•ҹв”Җв”јв”Җв”јв”Җв”јв”Җв”јв”Җв”јв”Җв”јв”Җв”јв”Җв•ўв”Ҡ
в•‘вҷҷв”Ӯвҷҷв”Ӯвҷҷв”Ӯвҷҷв”Ӯ в”Ӯвҷҷв”Ӯвҷҷв”Ӯвҷҷв•‘2
в•ҹв”Җв”јв”Җв”јв”Җв”јв”Җв”јв”Җв”јв”Җв”јв”Җв”јв”Җв•ўв”Ҡ
в•‘вҷ–в”Ӯвҷҳв”Ӯвҷ—в”Ӯвҷ•в”Ӯвҷ”в”Ӯвҷ—в”Ӯ в”Ӯвҷ–в•‘1
в•ҡв•җв•§в•җв•§в•җв•§в•җв•§в•җв•§в•җв•§в•җв•§в•җв•қв”Ҡ
в•°aв”Ҳbв”Ҳcв”Ҳdв”Ҳeв”Ҳfв”Ҳgв”Ҳhв”Ҳв•Ҝ
2025-08-20 14:49:41.746191 < go movetime 1000
2025-08-20 14:49:41.746457 Waiting for engine ready: go movetime 1000
2025-08-20 14:49:41.746802 Engine is ready: go movetime 1000
2025-08-20 14:49:41.747048 Starting search with UCI parameters {
    movetime = 1000;
}
2025-08-20 14:49:41.747238 < position startpos moves e2e4 e7e5 g1f3 b8c6 f1b5
2025-08-20 14:49:41.747427 Waiting for engine ready: position startpos moves e2e4 e7e5 g1f3 b8c6 f1b5
2025-08-20 14:49:41.765235 > info depth 0 nodes 35 time 17 hashfull 0 nps 2031 score cp 0 pv f8d6
2025-08-20 14:49:41.781742 > info depth 0 nodes 371 time 33 hashfull 2 nps 10991 score cp -3 pv f8d6 b1c3
2025-08-20 14:49:41.803359 > info depth 0 nodes 3538 time 55 hashfull 20 nps 63909 score cp 0 pv f8d6 b1c3 b8c6
2025-08-20 14:49:41.856017 > info depth 0 nodes 25963 time 108 hashfull 133 nps 240269 score cp -3 pv f8d6 b1c3 b8c6 f1d3
2025-08-20 14:49:42.275479 > info depth 0 nodes 366583 time 527 hashfull 925 nps 694929 score cp 0 pv f8d6 b1a3 g8f6 a3c4 d6c5 c4e5 f6e4
2025-08-20 14:49:47.436865 > info depth 0 nodes 4769446 time 5688 hashfull 1000 nps 838379 score cp 0 pv b8c6 b1c3 g8f6 a1b1 b7b5 b1a1
2025-08-20 14:49:47.443599 search terminated: time limit exceeded (time spent = 5688)
2025-08-20 14:49:47.443758 > info depth 1 nodes 4769446 time 5695 hashfull 1000 nps 837356 score cp 0 pv b8c6 b1c3 g8f6 a1b1 b7b5 b1a1
2025-08-20 14:49:47.443844 Completed search with UCI parameters {
    movetime = 1000;
}
2025-08-20 14:49:47.443932 > info string time limit exceeded (time spent = 5688)
2025-08-20 14:49:47.444035 > bestmove b8c6
2025-08-20 14:49:51.752885 Engine is ready: position startpos moves e2e4 e7e5 g1f3 b8c6 f1b5
2025-08-20 14:49:51.761295 position startpos moves e2e4 e7e5 g1f3 b8c6 f1b5
2025-08-20 14:49:51.761677 Black to Move
в•”в•җв•Өв•җв•Өв•җв•Өв•җв•Өв•җв•Өв•җв•Өв•җв•Өв•җв•—в•®
в•‘вҷңв”Ӯ в”Ӯвҷқв”Ӯвҷӣв”Ӯвҷҡв”Ӯвҷқв”Ӯвҷһв”Ӯвҷңв•‘8
в•ҹв”Җв”јв”Җв”јв”Җв”јв”Җв”јв”Җв”јв”Җв”јв”Җв”јв”Җв•ўв”Ҡ
в•‘вҷҹв”Ӯвҷҹв”Ӯвҷҹв”Ӯвҷҹв”Ӯ в”Ӯвҷҹв”Ӯвҷҹв”Ӯвҷҹв•‘7
в•ҹв”Җв”јв”Җв”јв”Җв”јв”Җв”јв”Җв”јв”Җв”јв”Җв”јв”Җв•ўв”Ҡ
в•‘ в”Ӯ в”Ӯвҷһв”Ӯ в”Ӯ в”Ӯ в”Ӯ в”Ӯ в•‘6
в•ҹв”Җв”јв”Җв”јв”Җв”јв”Җв”јв”Җв”јв”Җв”јв”Җв”јв”Җв•ўв”Ҡ
в•‘ в”Ӯвҷ—в”Ӯ в”Ӯ в”Ӯвҷҹв”Ӯ в”Ӯ в”Ӯ в•‘5
в•ҹв”Җв”јв”Җв”јв”Җв”јв”Җв”јв”Җв”јв”Җв”јв”Җв”јв”Җв•ўв”Ҡ
в•‘ в”Ӯ в”Ӯ в”Ӯ в”Ӯвҷҷв”Ӯ в”Ӯ в”Ӯ в•‘4
в•ҹв”Җв”јв”Җв”јв”Җв”јв”Җв”јв”Җв”јв”Җв”јв”Җв”јв”Җв•ўв”Ҡ
в•‘ в”Ӯ в”Ӯ в”Ӯ в”Ӯ в”Ӯвҷҳв”Ӯ в”Ӯ в•‘3
в•ҹв”Җв”јв”Җв”јв”Җв”јв”Җв”јв”Җв”јв”Җв”јв”Җв”јв”Җв•ўв”Ҡ
в•‘вҷҷв”Ӯвҷҷв”Ӯвҷҷв”Ӯвҷҷв”Ӯ в”Ӯвҷҷв”Ӯвҷҷв”Ӯвҷҷв•‘2
в•ҹв”Җв”јв”Җв”јв”Җв”јв”Җв”јв”Җв”јв”Җв”јв”Җв”јв”Җв•ўв”Ҡ
в•‘вҷ–в”Ӯвҷҳв”Ӯвҷ—в”Ӯвҷ•в”Ӯвҷ”в”Ӯ в”Ӯ в”Ӯвҷ–в•‘1
в•ҡв•җв•§в•җв•§в•җв•§в•җв•§в•җв•§в•җв•§в•җв•§в•җв•қв”Ҡ
в•°aв”Ҳbв”Ҳcв”Ҳdв”Ҳeв”Ҳfв”Ҳgв”Ҳhв”Ҳв•Ҝ
2025-08-20 14:49:51.761906 < go movetime 1000
2025-08-20 14:49:51.762088 Waiting for engine ready: go movetime 1000
2025-08-20 14:49:51.762276 Engine is ready: go movetime 1000
2025-08-20 14:49:51.762490 Starting search with UCI parameters {
    movetime = 1000;
}
2025-08-20 14:49:51.762652 < position startpos
2025-08-20 14:49:51.762826 Waiting for engine ready: position startpos
2025-08-20 14:49:51.781775 > info depth 0 nodes 211 time 17 hashfull 1 nps 12224 score cp 1 pv g8f6
2025-08-20 14:49:51.799370 > info depth 0 nodes 1303 time 34 hashfull 10 nps 37403 score cp -2 pv c6d4 f3d4 e5d4
2025-08-20 14:49:51.855490 > info depth 0 nodes 20053 time 91 hashfull 160 nps 220287 score cp 1 pv g8f6 b1c3 f8d6
2025-08-20 14:49:52.045247 > info depth 0 nodes 161228 time 280 hashfull 702 nps 574210 score cp 0 pv g8f6 b1c3 f8d6 b5c4
2025-08-20 14:49:53.898358 > info depth 0 nodes 1611886 time 2133 hashfull 999 nps 755380 score cp 0 pv g8f6 b1c3 d7d6 d2d4 f6d5
2025-08-20 14:49:53.904922 search terminated: time limit exceeded (time spent = 2133)
2025-08-20 14:49:53.905025 > info depth 1 nodes 1611886 time 2140 hashfull 999 nps 753006 score cp 0 pv g8f6 b1c3 d7d6 d2d4 f6d5
2025-08-20 14:49:53.905124 Completed search with UCI parameters {
    movetime = 1000;
}
2025-08-20 14:49:53.905215 > info string time limit exceeded (time spent = 2133)
2025-08-20 14:49:53.905297 > bestmove g8f6
2025-08-20 14:50:01.768172 Engine is ready: position startpos
2025-08-20 14:50:01.768840 position startpos
2025-08-20 14:50:01.769190 White to Move
в•”в•җв•Өв•җв•Өв•җв•Өв•җв•Өв•җв•Өв•җв•Өв•җв•Өв•җв•—в•®
в•‘вҷңв”Ӯвҷһв”Ӯвҷқв”Ӯвҷӣв”Ӯвҷҡв”Ӯвҷқв”Ӯвҷһв”Ӯвҷңв•‘8
в•ҹв”Җв”јв”Җв”јв”Җв”јв”Җв”јв”Җв”јв”Җв”јв”Җв”јв”Җв•ўв”Ҡ
в•‘вҷҹв”Ӯвҷҹв”Ӯвҷҹв”Ӯвҷҹв”Ӯвҷҹв”Ӯвҷҹв”Ӯвҷҹв”Ӯвҷҹв•‘7
в•ҹв”Җв”јв”Җв”јв”Җв”јв”Җв”јв”Җв”јв”Җв”јв”Җв”јв”Җв•ўв”Ҡ
в•‘ в”Ӯ в”Ӯ в”Ӯ в”Ӯ в”Ӯ в”Ӯ в”Ӯ в•‘6
в•ҹв”Җв”јв”Җв”јв”Җв”јв”Җв”јв”Җв”јв”Җв”јв”Җв”јв”Җв•ўв”Ҡ
в•‘ в”Ӯ в”Ӯ в”Ӯ в”Ӯ в”Ӯ в”Ӯ в”Ӯ в•‘5
в•ҹв”Җв”јв”Җв”јв”Җв”јв”Җв”јв”Җв”јв”Җв”јв”Җв”јв”Җв•ўв”Ҡ
в•‘ в”Ӯ в”Ӯ в”Ӯ в”Ӯ в”Ӯ в”Ӯ в”Ӯ в•‘4
в•ҹв”Җв”јв”Җв”јв”Җв”јв”Җв”јв”Җв”јв”Җв”јв”Җв”јв”Җв•ўв”Ҡ
в•‘ в”Ӯ в”Ӯ в”Ӯ в”Ӯ в”Ӯ в”Ӯ в”Ӯ в•‘3
в•ҹв”Җв”јв”Җв”јв”Җв”јв”Җв”јв”Җв”јв”Җв”јв”Җв”јв”Җв•ўв”Ҡ
в•‘вҷҷв”Ӯвҷҷв”Ӯвҷҷв”Ӯвҷҷв”Ӯвҷҷв”Ӯвҷҷв”Ӯвҷҷв”Ӯвҷҷв•‘2
в•ҹв”Җв”јв”Җв”јв”Җв”јв”Җв”јв”Җв”јв”Җв”јв”Җв”јв”Җв•ўв”Ҡ
в•‘вҷ–в”Ӯвҷҳв”Ӯвҷ—в”Ӯвҷ•в”Ӯвҷ”в”Ӯвҷ—в”Ӯвҷҳв”Ӯвҷ–в•‘1
в•ҡв•җв•§в•җв•§в•җв•§в•җв•§в•җв•§в•җв•§в•җв•§в•җв•қв”Ҡ
в•°aв”Ҳbв”Ҳcв”Ҳdв”Ҳeв”Ҳfв”Ҳgв”Ҳhв”Ҳв•Ҝ
2025-08-20 14:50:01.769632 < go depth 10
2025-08-20 14:50:01.769873 Waiting for engine ready: go depth 10
2025-08-20 14:50:01.770045 Engine is ready: go depth 10
2025-08-20 14:50:01.770266 Starting search with UCI parameters {
    depth = 10;
}
2025-08-20 14:50:01.770826 < position startpos moves e2e4 e7e5 g1f3 b8c6 f1c4
2025-08-20 14:50:01.770998 Waiting for engine ready: position startpos moves e2e4 e7e5 g1f3 b8c6 f1c4
2025-08-20 14:50:01.789322 > info depth 0 nodes 20 time 15 hashfull 0 nps 1328 score cp 3 pv b1c3
2025-08-20 14:50:01.805053 > info depth 0 nodes 153 time 30 hashfull 0 nps 4969 score cp 0 pv b1c3 b8c6
2025-08-20 14:50:01.823410 > info depth 0 nodes 1258 time 49 hashfull 3 nps 25602 score cp 3 pv b1c3 b8c6 g1f3
2025-08-20 14:50:01.851904 > info depth 0 nodes 7863 time 77 hashfull 27 nps 101280 score cp 0 pv b1c3 b8c6 g1f3 g8f6
2025-08-20 14:50:01.863691 search terminated: depth limit exceeded
2025-08-20 14:50:01.863937 > info depth 11 nodes 9628 time 89 hashfull 34 nps 107334 score cp 0 pv b1c3 b8c6 g1f3 g8f6
2025-08-20 14:50:01.864171 Completed search with UCI parameters {
    depth = 10;
}
2025-08-20 14:50:01.864383 > info string depth limit exceeded
2025-08-20 14:50:01.864562 > bestmove b1c3
2025-08-20 14:50:11.773408 Engine is ready: position startpos moves e2e4 e7e5 g1f3 b8c6 f1c4
2025-08-20 14:50:11.780688 position startpos moves e2e4 e7e5 g1f3 b8c6 f1c4
2025-08-20 14:50:11.781009 Black to Move
в•”в•җв•Өв•җв•Өв•җв•Өв•җв•Өв•җв•Өв•җв•Өв•җв•Өв•җв•—в•®
в•‘вҷңв”Ӯ в”Ӯвҷқв”Ӯвҷӣв”Ӯвҷҡв”Ӯвҷқв”Ӯвҷһв”Ӯвҷңв•‘8
в•ҹв”Җв”јв”Җв”јв”Җв”јв”Җв”јв”Җв”јв”Җв”јв”Җв”јв”Җв•ўв”Ҡ
в•‘вҷҹв”Ӯвҷҹв”Ӯвҷҹв”Ӯвҷҹв”Ӯ в”Ӯвҷҹв”Ӯвҷҹв”Ӯвҷҹв•‘7
в•ҹв”Җв”јв”Җв”јв”Җв”јв”Җв”јв”Җв”јв”Җв”јв”Җв”јв”Җв•ўв”Ҡ
в•‘ в”Ӯ в”Ӯвҷһв”Ӯ в”Ӯ в”Ӯ в”Ӯ в”Ӯ в•‘6
в•ҹв”Җв”јв”Җв”јв”Җв”јв”Җв”јв”Җв”јв”Җв”јв”Җв”јв”Җв•ўв”Ҡ
в•‘ в”Ӯ в”Ӯ в”Ӯ в”Ӯвҷҹв”Ӯ в”Ӯ в”Ӯ в•‘5
в•ҹв”Җв”јв”Җв”јв”Җв”јв”Җв”јв”Җв”јв”Җв”јв”Җв”јв”Җв•ўв”Ҡ
в•‘ в”Ӯ в”Ӯвҷ—в”Ӯ в”Ӯвҷҷв”Ӯ в”Ӯ в”Ӯ в•‘4
в•ҹв”Җв”јв”Җв”јв”Җв”јв”Җв”јв”Җв”јв”Җв”јв”Җв”јв”Җв•ўв”Ҡ
в•‘ в”Ӯ в”Ӯ в”Ӯ в”Ӯ в”Ӯвҷҳв”Ӯ в”Ӯ в•‘3
в•ҹв”Җв”јв”Җв”јв”Җв”јв”Җв”јв”Җв”јв”Җв”јв”Җв”јв”Җв•ўв”Ҡ
в•‘вҷҷв”Ӯвҷҷв”Ӯвҷҷв”Ӯвҷҷв”Ӯ в”Ӯвҷҷв”Ӯвҷҷв”Ӯвҷҷв•‘2
в•ҹв”Җв”јв”Җв”јв”Җв”јв”Җв”јв”Җв”јв”Җв”јв”Җв”јв”Җв•ўв”Ҡ
в•‘вҷ–в”Ӯвҷҳв”Ӯвҷ—в”Ӯвҷ•в”Ӯвҷ”в”Ӯ в”Ӯ в”Ӯвҷ–в•‘1
в•ҡв•җв•§в•җв•§в•җв•§в•җв•§в•җв•§в•җв•§в•җв•§в•җв•қв”Ҡ
в•°aв”Ҳbв”Ҳcв”Ҳdв”Ҳeв”Ҳfв”Ҳgв”Ҳhв”Ҳв•Ҝ
2025-08-20 14:50:11.781225 < go movetime 1000
2025-08-20 14:50:11.781569 Waiting for engine ready: go movetime 1000
2025-08-20 14:50:11.781777 Engine is ready: go movetime 1000
2025-08-20 14:50:11.782004 Starting search with UCI parameters {
    movetime = 1000;
}
2025-08-20 14:50:11.782216 < 
2025-08-20 14:50:11.799860 > info depth 0 nodes 44 time 17 hashfull 0 nps 2528 score cp 0 pv f8d6
2025-08-20 14:50:11.819064 > info depth 0 nodes 953 time 36 hashfull 7 nps 26015 score cp -3 pv f8d6 b1c3
2025-08-20 14:50:11.846739 > info depth 0 nodes 5794 time 64 hashfull 36 nps 90107 score cp 0 pv f8d6 b1c3 g8f6
2025-08-20 14:50:12.032032 > info depth 0 nodes 130559 time 249 hashfull 611 nps 523018 score cp 0 pv f8d6 b1c3 g8f6 a1b1
2025-08-20 14:50:12.795625 > info depth 0 nodes 759301 time 1013 hashfull 993 nps 749397 score cp 0 pv f8d6 b1c3 g8f6 a1b1 c6d4 f3d4 e5d4
2025-08-20 14:50:12.802156 search terminated: time limit exceeded (time spent = 1013)
2025-08-20 14:50:12.802274 > info depth 1 nodes 759301 time 1019 hashfull 993 nps 744475 score cp 0 pv f8d6 b1c3 g8f6 a1b1 c6d4 f3d4 e5d4
2025-08-20 14:50:12.802371 Completed search with UCI parameters {
    movetime = 1000;
}
2025-08-20 14:50:12.802452 > info string time limit exceeded (time spent = 1013)
2025-08-20 14:50:12.802534 > bestmove f8d6
