=== Puzzle Test 2026-03-21_131823 ===
Engine:   /Users/swart/Chess/Chamonix/Products/usr/local/bin/Chamonix
Database: /Users/swart/chess/Chess Data/lichess
Themes:   mateIn2
Count:    5
Movetime: 3000 ms

Fetching puzzles from database…
Selected 5 puzzles.

Starting engine…
Engine ready.

   #  PuzzleId  Rating  Result         Engine               Expected        Themes
----------------------------------------------------------------------------------------------------
   1  F4OO3       1417  PASS    b2a2 a2a1             b2a2 a2a1             doubleCheck endgame mate mateIn2 short
   2  F4yJU       1032  PASS    g6h5 h5h6             g6h5 h5h6             kingsideAttack mate mateIn2 middlegame s
   3  sRyNK        968  PASS    e3e8 h5e8             e3e8 h5e8             kingsideAttack mate mateIn2 middlegame s
   4  Y5ZB5       1659  PASS    g1f2 f4h4             g1f2 f4h4             endgame mate mateIn2 short
   5  HPTsC        805  PASS    g4f6 g3g7             g4f6 g3g7             clearance mate mateIn2 middlegame sacrif

============================================================
Results: 5/5 passed (100.0%)
Log:     puzzle-results-2026-03-21_131823.log
