=== Puzzle Test 2026-03-21_131808 ===
Engine:   /Users/swart/Chess/Chamonix/Products/usr/local/bin/Chamonix
Database: /Users/swart/chess/Chess Data/lichess
Themes:   mateIn1
Count:    5
Movetime: 2000 ms

Fetching puzzles from database…
Selected 5 puzzles.

Starting engine…
Engine ready.

   #  PuzzleId  Rating  Result         Engine               Expected        Themes
----------------------------------------------------------------------------------------------------
   1  vowpI       1508  PASS    a2a1                  a2a1                  master mate mateIn1 middlegame oneMove
   2  hDTUX        786  PASS    g3g8                  g3g8                  mate mateIn1 middlegame oneMove
   3  5LCzF        967  PASS    e1e8                  e1e8                  mate mateIn1 middlegame oneMove
   4  CS6IE        953  PASS    h7e7                  h7e7                  master mate mateIn1 middlegame oneMove
   5  0OYSm        902  PASS    h4h2                  h4h2                  kingsideAttack mate mateIn1 middlegame o

============================================================
Results: 5/5 passed (100.0%)
Log:     puzzle-results-2026-03-21_131808.log
