Started game 1 of 100 (Stockfish vs Chamonix)
Finished game 1 (Stockfish vs Chamonix): 1-0 {White mates}
Score of Stockfish vs Chamonix: 1 - 0 - 0  [1.000] 1
Started game 2 of 100 (Chamonix vs Stockfish)
Finished game 2 (Chamonix vs Stockfish): 0-1 {Black mates}
Score of Stockfish vs Chamonix: 2 - 0 - 0  [1.000] 2
Started game 3 of 100 (Stockfish vs Chamonix)
Finished game 3 (Stockfish vs Chamonix): 1-0 {White mates}
Score of Stockfish vs Chamonix: 3 - 0 - 0  [1.000] 3
Started game 4 of 100 (Chamonix vs Stockfish)
Finished game 4 (Chamonix vs Stockfish): 0-1 {Black mates}
Score of Stockfish vs Chamonix: 4 - 0 - 0  [1.000] 4
Started game 5 of 100 (Stockfish vs Chamonix)
Finished game 5 (Stockfish vs Chamonix): 1-0 {White mates}
Score of Stockfish vs Chamonix: 5 - 0 - 0  [1.000] 5
Started game 6 of 100 (Chamonix vs Stockfish)
Finished game 6 (Chamonix vs Stockfish): 0-1 {Black mates}
Score of Stockfish vs Chamonix: 6 - 0 - 0  [1.000] 6
Started game 7 of 100 (Stockfish vs Chamonix)
Finished game 7 (Stockfish vs Chamonix): 1-0 {White mates}
Score of Stockfish vs Chamonix: 7 - 0 - 0  [1.000] 7
Started game 8 of 100 (Chamonix vs Stockfish)
Finished game 8 (Chamonix vs Stockfish): 0-1 {Black mates}
Score of Stockfish vs Chamonix: 8 - 0 - 0  [1.000] 8
Started game 9 of 100 (Stockfish vs Chamonix)
Finished game 9 (Stockfish vs Chamonix): 1-0 {White mates}
Score of Stockfish vs Chamonix: 9 - 0 - 0  [1.000] 9
Started game 10 of 100 (Chamonix vs Stockfish)
Finished game 10 (Chamonix vs Stockfish): 0-1 {Black mates}
Score of Stockfish vs Chamonix: 10 - 0 - 0  [1.000] 10
Started game 11 of 100 (Stockfish vs Chamonix)
Finished game 11 (Stockfish vs Chamonix): 1-0 {White mates}
Score of Stockfish vs Chamonix: 11 - 0 - 0  [1.000] 11
Started game 12 of 100 (Chamonix vs Stockfish)
Finished game 12 (Chamonix vs Stockfish): 0-1 {Black mates}
Score of Stockfish vs Chamonix: 12 - 0 - 0  [1.000] 12
Started game 13 of 100 (Stockfish vs Chamonix)
Finished game 13 (Stockfish vs Chamonix): 1-0 {White mates}
Score of Stockfish vs Chamonix: 13 - 0 - 0  [1.000] 13
Started game 14 of 100 (Chamonix vs Stockfish)
Finished game 14 (Chamonix vs Stockfish): 0-1 {Black mates}
Score of Stockfish vs Chamonix: 14 - 0 - 0  [1.000] 14
Started game 15 of 100 (Stockfish vs Chamonix)
Finished game 15 (Stockfish vs Chamonix): 1-0 {White mates}
Score of Stockfish vs Chamonix: 15 - 0 - 0  [1.000] 15
Started game 16 of 100 (Chamonix vs Stockfish)
Finished game 16 (Chamonix vs Stockfish): 0-1 {Black mates}
Score of Stockfish vs Chamonix: 16 - 0 - 0  [1.000] 16
Started game 17 of 100 (Stockfish vs Chamonix)
Warning: Illegal PV move g7f8 from Chamonix (1)
Warning: PV: Rf8 g7f8
Finished game 17 (Stockfish vs Chamonix): 1-0 {White mates}
Score of Stockfish vs Chamonix: 17 - 0 - 0  [1.000] 17
Started game 18 of 100 (Chamonix vs Stockfish)
Finished game 18 (Chamonix vs Stockfish): 0-1 {Black mates}
Score of Stockfish vs Chamonix: 18 - 0 - 0  [1.000] 18
Started game 19 of 100 (Stockfish vs Chamonix)
Finished game 19 (Stockfish vs Chamonix): 1-0 {White mates}
Score of Stockfish vs Chamonix: 19 - 0 - 0  [1.000] 19
Started game 20 of 100 (Chamonix vs Stockfish)
Finished game 20 (Chamonix vs Stockfish): 0-1 {Black mates}
Score of Stockfish vs Chamonix: 20 - 0 - 0  [1.000] 20
Started game 21 of 100 (Stockfish vs Chamonix)
Finished game 21 (Stockfish vs Chamonix): 1-0 {White mates}
Score of Stockfish vs Chamonix: 21 - 0 - 0  [1.000] 21
Started game 22 of 100 (Chamonix vs Stockfish)
Finished game 22 (Chamonix vs Stockfish): 0-1 {Black mates}
Score of Stockfish vs Chamonix: 22 - 0 - 0  [1.000] 22
Started game 23 of 100 (Stockfish vs Chamonix)
Finished game 23 (Stockfish vs Chamonix): 1-0 {White mates}
Score of Stockfish vs Chamonix: 23 - 0 - 0  [1.000] 23
Started game 24 of 100 (Chamonix vs Stockfish)
Finished game 24 (Chamonix vs Stockfish): 0-1 {Black mates}
Score of Stockfish vs Chamonix: 24 - 0 - 0  [1.000] 24
Started game 25 of 100 (Stockfish vs Chamonix)
Finished game 25 (Stockfish vs Chamonix): 1-0 {White mates}
Score of Stockfish vs Chamonix: 25 - 0 - 0  [1.000] 25
Started game 26 of 100 (Chamonix vs Stockfish)
Finished game 26 (Chamonix vs Stockfish): 0-1 {Black mates}
Score of Stockfish vs Chamonix: 26 - 0 - 0  [1.000] 26
Started game 27 of 100 (Stockfish vs Chamonix)
Finished game 27 (Stockfish vs Chamonix): 1-0 {White mates}
Score of Stockfish vs Chamonix: 27 - 0 - 0  [1.000] 27
Started game 28 of 100 (Chamonix vs Stockfish)
Finished game 28 (Chamonix vs Stockfish): 0-1 {Black mates}
Score of Stockfish vs Chamonix: 28 - 0 - 0  [1.000] 28
Started game 29 of 100 (Stockfish vs Chamonix)
Finished game 29 (Stockfish vs Chamonix): 1-0 {White mates}
Score of Stockfish vs Chamonix: 29 - 0 - 0  [1.000] 29
Started game 30 of 100 (Chamonix vs Stockfish)
Finished game 30 (Chamonix vs Stockfish): 0-1 {Black mates}
Score of Stockfish vs Chamonix: 30 - 0 - 0  [1.000] 30
Started game 31 of 100 (Stockfish vs Chamonix)
Finished game 31 (Stockfish vs Chamonix): 1-0 {White mates}
Score of Stockfish vs Chamonix: 31 - 0 - 0  [1.000] 31
Started game 32 of 100 (Chamonix vs Stockfish)
Finished game 32 (Chamonix vs Stockfish): 0-1 {Black mates}
Score of Stockfish vs Chamonix: 32 - 0 - 0  [1.000] 32
Started game 33 of 100 (Stockfish vs Chamonix)
Finished game 33 (Stockfish vs Chamonix): 1-0 {White mates}
Score of Stockfish vs Chamonix: 33 - 0 - 0  [1.000] 33
Started game 34 of 100 (Chamonix vs Stockfish)
Finished game 34 (Chamonix vs Stockfish): 0-1 {Black mates}
Score of Stockfish vs Chamonix: 34 - 0 - 0  [1.000] 34
Started game 35 of 100 (Stockfish vs Chamonix)
Finished game 35 (Stockfish vs Chamonix): 1-0 {White mates}
Score of Stockfish vs Chamonix: 35 - 0 - 0  [1.000] 35
Started game 36 of 100 (Chamonix vs Stockfish)
Finished game 36 (Chamonix vs Stockfish): 0-1 {Black mates}
Score of Stockfish vs Chamonix: 36 - 0 - 0  [1.000] 36
Started game 37 of 100 (Stockfish vs Chamonix)
Finished game 37 (Stockfish vs Chamonix): 1-0 {White mates}
Score of Stockfish vs Chamonix: 37 - 0 - 0  [1.000] 37
Started game 38 of 100 (Chamonix vs Stockfish)
Finished game 38 (Chamonix vs Stockfish): 0-1 {Black mates}
Score of Stockfish vs Chamonix: 38 - 0 - 0  [1.000] 38
Started game 39 of 100 (Stockfish vs Chamonix)
Warning: Illegal PV move d7d8 from Chamonix (1)
Warning: PV: Qxa8 d7d8
Warning: Illegal PV move d7d8 from Chamonix (1)
Warning: PV: Qxa8 d7d8
Finished game 39 (Stockfish vs Chamonix): 1-0 {White mates}
Score of Stockfish vs Chamonix: 39 - 0 - 0  [1.000] 39
Started game 40 of 100 (Chamonix vs Stockfish)
Finished game 40 (Chamonix vs Stockfish): 0-1 {Black mates}
Score of Stockfish vs Chamonix: 40 - 0 - 0  [1.000] 40
Started game 41 of 100 (Stockfish vs Chamonix)
Finished game 41 (Stockfish vs Chamonix): 1-0 {White mates}
Score of Stockfish vs Chamonix: 41 - 0 - 0  [1.000] 41
Started game 42 of 100 (Chamonix vs Stockfish)
Finished game 42 (Chamonix vs Stockfish): 0-1 {Black mates}
Score of Stockfish vs Chamonix: 42 - 0 - 0  [1.000] 42
Started game 43 of 100 (Stockfish vs Chamonix)
Finished game 43 (Stockfish vs Chamonix): 1-0 {White mates}
Score of Stockfish vs Chamonix: 43 - 0 - 0  [1.000] 43
Started game 44 of 100 (Chamonix vs Stockfish)
Finished game 44 (Chamonix vs Stockfish): 0-1 {Black mates}
Score of Stockfish vs Chamonix: 44 - 0 - 0  [1.000] 44
Started game 45 of 100 (Stockfish vs Chamonix)
Finished game 45 (Stockfish vs Chamonix): 1-0 {White mates}
Score of Stockfish vs Chamonix: 45 - 0 - 0  [1.000] 45
Started game 46 of 100 (Chamonix vs Stockfish)
Finished game 46 (Chamonix vs Stockfish): 0-1 {Black mates}
Score of Stockfish vs Chamonix: 46 - 0 - 0  [1.000] 46
Started game 47 of 100 (Stockfish vs Chamonix)
Finished game 47 (Stockfish vs Chamonix): 1-0 {White mates}
Score of Stockfish vs Chamonix: 47 - 0 - 0  [1.000] 47
Started game 48 of 100 (Chamonix vs Stockfish)
Finished game 48 (Chamonix vs Stockfish): 0-1 {Black mates}
Score of Stockfish vs Chamonix: 48 - 0 - 0  [1.000] 48
Started game 49 of 100 (Stockfish vs Chamonix)
Finished game 49 (Stockfish vs Chamonix): 1-0 {White mates}
Score of Stockfish vs Chamonix: 49 - 0 - 0  [1.000] 49
Started game 50 of 100 (Chamonix vs Stockfish)
Finished game 50 (Chamonix vs Stockfish): 0-1 {Black mates}
Score of Stockfish vs Chamonix: 50 - 0 - 0  [1.000] 50
Started game 51 of 100 (Stockfish vs Chamonix)
Finished game 51 (Stockfish vs Chamonix): 1-0 {White mates}
Score of Stockfish vs Chamonix: 51 - 0 - 0  [1.000] 51
Started game 52 of 100 (Chamonix vs Stockfish)
Finished game 52 (Chamonix vs Stockfish): 0-1 {Black mates}
Score of Stockfish vs Chamonix: 52 - 0 - 0  [1.000] 52
Started game 53 of 100 (Stockfish vs Chamonix)
Finished game 53 (Stockfish vs Chamonix): 1-0 {White mates}
Score of Stockfish vs Chamonix: 53 - 0 - 0  [1.000] 53
Started game 54 of 100 (Chamonix vs Stockfish)
Finished game 54 (Chamonix vs Stockfish): 0-1 {Black mates}
Score of Stockfish vs Chamonix: 54 - 0 - 0  [1.000] 54
Started game 55 of 100 (Stockfish vs Chamonix)
Finished game 55 (Stockfish vs Chamonix): 1-0 {White mates}
Score of Stockfish vs Chamonix: 55 - 0 - 0  [1.000] 55
Started game 56 of 100 (Chamonix vs Stockfish)
Finished game 56 (Chamonix vs Stockfish): 0-1 {Black mates}
Score of Stockfish vs Chamonix: 56 - 0 - 0  [1.000] 56
Started game 57 of 100 (Stockfish vs Chamonix)
Finished game 57 (Stockfish vs Chamonix): 1-0 {White mates}
Score of Stockfish vs Chamonix: 57 - 0 - 0  [1.000] 57
Started game 58 of 100 (Chamonix vs Stockfish)
Finished game 58 (Chamonix vs Stockfish): 0-1 {Black mates}
Score of Stockfish vs Chamonix: 58 - 0 - 0  [1.000] 58
Started game 59 of 100 (Stockfish vs Chamonix)
Finished game 59 (Stockfish vs Chamonix): 1-0 {White mates}
Score of Stockfish vs Chamonix: 59 - 0 - 0  [1.000] 59
Started game 60 of 100 (Chamonix vs Stockfish)
Finished game 60 (Chamonix vs Stockfish): 0-1 {Black mates}
Score of Stockfish vs Chamonix: 60 - 0 - 0  [1.000] 60
Started game 61 of 100 (Stockfish vs Chamonix)
Finished game 61 (Stockfish vs Chamonix): 1-0 {White mates}
Score of Stockfish vs Chamonix: 61 - 0 - 0  [1.000] 61
Started game 62 of 100 (Chamonix vs Stockfish)
Finished game 62 (Chamonix vs Stockfish): 0-1 {Black mates}
Score of Stockfish vs Chamonix: 62 - 0 - 0  [1.000] 62
Started game 63 of 100 (Stockfish vs Chamonix)
Finished game 63 (Stockfish vs Chamonix): 1-0 {White mates}
Score of Stockfish vs Chamonix: 63 - 0 - 0  [1.000] 63
Started game 64 of 100 (Chamonix vs Stockfish)
Finished game 64 (Chamonix vs Stockfish): 0-1 {Black mates}
Score of Stockfish vs Chamonix: 64 - 0 - 0  [1.000] 64
Started game 65 of 100 (Stockfish vs Chamonix)
Finished game 65 (Stockfish vs Chamonix): 1-0 {White mates}
Score of Stockfish vs Chamonix: 65 - 0 - 0  [1.000] 65
Started game 66 of 100 (Chamonix vs Stockfish)
Finished game 66 (Chamonix vs Stockfish): 0-1 {Black mates}
Score of Stockfish vs Chamonix: 66 - 0 - 0  [1.000] 66
Started game 67 of 100 (Stockfish vs Chamonix)
Finished game 67 (Stockfish vs Chamonix): 1-0 {White mates}
Score of Stockfish vs Chamonix: 67 - 0 - 0  [1.000] 67
Started game 68 of 100 (Chamonix vs Stockfish)
Finished game 68 (Chamonix vs Stockfish): 0-1 {Black mates}
Score of Stockfish vs Chamonix: 68 - 0 - 0  [1.000] 68
Started game 69 of 100 (Stockfish vs Chamonix)
Finished game 69 (Stockfish vs Chamonix): 1-0 {White mates}
Score of Stockfish vs Chamonix: 69 - 0 - 0  [1.000] 69
Started game 70 of 100 (Chamonix vs Stockfish)
Finished game 70 (Chamonix vs Stockfish): 0-1 {Black mates}
Score of Stockfish vs Chamonix: 70 - 0 - 0  [1.000] 70
Started game 71 of 100 (Stockfish vs Chamonix)
Finished game 71 (Stockfish vs Chamonix): 1-0 {White mates}
Score of Stockfish vs Chamonix: 71 - 0 - 0  [1.000] 71
Started game 72 of 100 (Chamonix vs Stockfish)
Finished game 72 (Chamonix vs Stockfish): 0-1 {Black mates}
Score of Stockfish vs Chamonix: 72 - 0 - 0  [1.000] 72
Started game 73 of 100 (Stockfish vs Chamonix)
Finished game 73 (Stockfish vs Chamonix): 1-0 {White mates}
Score of Stockfish vs Chamonix: 73 - 0 - 0  [1.000] 73
Started game 74 of 100 (Chamonix vs Stockfish)
Finished game 74 (Chamonix vs Stockfish): 0-1 {Black mates}
Score of Stockfish vs Chamonix: 74 - 0 - 0  [1.000] 74
Started game 75 of 100 (Stockfish vs Chamonix)
Finished game 75 (Stockfish vs Chamonix): 1-0 {White mates}
Score of Stockfish vs Chamonix: 75 - 0 - 0  [1.000] 75
Started game 76 of 100 (Chamonix vs Stockfish)
Finished game 76 (Chamonix vs Stockfish): 0-1 {Black mates}
Score of Stockfish vs Chamonix: 76 - 0 - 0  [1.000] 76
Started game 77 of 100 (Stockfish vs Chamonix)
Finished game 77 (Stockfish vs Chamonix): 1-0 {White mates}
Score of Stockfish vs Chamonix: 77 - 0 - 0  [1.000] 77
Started game 78 of 100 (Chamonix vs Stockfish)
Finished game 78 (Chamonix vs Stockfish): 0-1 {Black mates}
Score of Stockfish vs Chamonix: 78 - 0 - 0  [1.000] 78
Started game 79 of 100 (Stockfish vs Chamonix)
Finished game 79 (Stockfish vs Chamonix): 1-0 {White mates}
Score of Stockfish vs Chamonix: 79 - 0 - 0  [1.000] 79
Started game 80 of 100 (Chamonix vs Stockfish)
Finished game 80 (Chamonix vs Stockfish): 0-1 {Black mates}
Score of Stockfish vs Chamonix: 80 - 0 - 0  [1.000] 80
Started game 81 of 100 (Stockfish vs Chamonix)
Finished game 81 (Stockfish vs Chamonix): 1-0 {White mates}
Score of Stockfish vs Chamonix: 81 - 0 - 0  [1.000] 81
Started game 82 of 100 (Chamonix vs Stockfish)
Finished game 82 (Chamonix vs Stockfish): 0-1 {Black mates}
Score of Stockfish vs Chamonix: 82 - 0 - 0  [1.000] 82
Started game 83 of 100 (Stockfish vs Chamonix)
Finished game 83 (Stockfish vs Chamonix): 1-0 {White mates}
Score of Stockfish vs Chamonix: 83 - 0 - 0  [1.000] 83
Started game 84 of 100 (Chamonix vs Stockfish)
Finished game 84 (Chamonix vs Stockfish): 0-1 {Black mates}
Score of Stockfish vs Chamonix: 84 - 0 - 0  [1.000] 84
Started game 85 of 100 (Stockfish vs Chamonix)
Finished game 85 (Stockfish vs Chamonix): 1-0 {White mates}
Score of Stockfish vs Chamonix: 85 - 0 - 0  [1.000] 85
Started game 86 of 100 (Chamonix vs Stockfish)
Finished game 86 (Chamonix vs Stockfish): 0-1 {Black mates}
Score of Stockfish vs Chamonix: 86 - 0 - 0  [1.000] 86
Started game 87 of 100 (Stockfish vs Chamonix)
Warning: Illegal PV move d7c8 from Chamonix (1)
Warning: PV: Kd7 Qf7+ Kc6 d7 Kxc7 d7c8
Finished game 87 (Stockfish vs Chamonix): 1-0 {White mates}
Score of Stockfish vs Chamonix: 87 - 0 - 0  [1.000] 87
Started game 88 of 100 (Chamonix vs Stockfish)
Finished game 88 (Chamonix vs Stockfish): 0-1 {Black mates}
Score of Stockfish vs Chamonix: 88 - 0 - 0  [1.000] 88
Started game 89 of 100 (Stockfish vs Chamonix)
Finished game 89 (Stockfish vs Chamonix): 1-0 {White mates}
Score of Stockfish vs Chamonix: 89 - 0 - 0  [1.000] 89
Started game 90 of 100 (Chamonix vs Stockfish)
Finished game 90 (Chamonix vs Stockfish): 0-1 {Black mates}
Score of Stockfish vs Chamonix: 90 - 0 - 0  [1.000] 90
Started game 91 of 100 (Stockfish vs Chamonix)
Finished game 91 (Stockfish vs Chamonix): 1-0 {White mates}
Score of Stockfish vs Chamonix: 91 - 0 - 0  [1.000] 91
Started game 92 of 100 (Chamonix vs Stockfish)
Finished game 92 (Chamonix vs Stockfish): 0-1 {Black mates}
Score of Stockfish vs Chamonix: 92 - 0 - 0  [1.000] 92
Started game 93 of 100 (Stockfish vs Chamonix)
Finished game 93 (Stockfish vs Chamonix): 1-0 {White mates}
Score of Stockfish vs Chamonix: 93 - 0 - 0  [1.000] 93
Started game 94 of 100 (Chamonix vs Stockfish)
Finished game 94 (Chamonix vs Stockfish): 0-1 {Black mates}
Score of Stockfish vs Chamonix: 94 - 0 - 0  [1.000] 94
Started game 95 of 100 (Stockfish vs Chamonix)
Finished game 95 (Stockfish vs Chamonix): 1-0 {White mates}
Score of Stockfish vs Chamonix: 95 - 0 - 0  [1.000] 95
Started game 96 of 100 (Chamonix vs Stockfish)
Finished game 96 (Chamonix vs Stockfish): 0-1 {Black mates}
Score of Stockfish vs Chamonix: 96 - 0 - 0  [1.000] 96
Started game 97 of 100 (Stockfish vs Chamonix)
Finished game 97 (Stockfish vs Chamonix): 1-0 {White mates}
Score of Stockfish vs Chamonix: 97 - 0 - 0  [1.000] 97
Started game 98 of 100 (Chamonix vs Stockfish)
Finished game 98 (Chamonix vs Stockfish): 0-1 {Black mates}
Score of Stockfish vs Chamonix: 98 - 0 - 0  [1.000] 98
Started game 99 of 100 (Stockfish vs Chamonix)
Finished game 99 (Stockfish vs Chamonix): 1-0 {White mates}
Score of Stockfish vs Chamonix: 99 - 0 - 0  [1.000] 99
Started game 100 of 100 (Chamonix vs Stockfish)
Finished game 100 (Chamonix vs Stockfish): 0-1 {Black mates}
Score of Stockfish vs Chamonix: 100 - 0 - 0  [1.000] 100
...      Stockfish playing White: 50 - 0 - 0  [1.000] 50
...      Stockfish playing Black: 50 - 0 - 0  [1.000] 50
...      White vs Black: 50 - 50 - 0  [0.500] 100
Elo difference: inf +/- nan, LOS: 100.0 %, DrawRatio: 0.0 %
SPRT: llr 0 (0.0%), lbound -inf, ubound inf

Player: Stockfish
   "Win: Black mates": 50
   "Win: White mates": 50
Player: Chamonix
   "Loss: Black mates": 50
   "Loss: White mates": 50
Finished match
